<errorentry>
	<datetime>2017-10-08 00:34:18 (CST)</datetime>
	<errornum>8</errornum>
	<errortype>Notice</errortype>
	<errormsg>Use of undefined constant I_AM_NOT_DEFINED - assumed 'I_AM_NOT_DEFINED'</errormsg>
	<scriptname>/home/lazyou/Nounen/php_funcref_tips/1.影响 PHP 行为的扩展/errorfunc_examples.php</scriptname>
	<scriptlinenum>105</scriptlinenum>
</errorentry>

<errorentry>
	<datetime>2017-10-08 00:34:18 (CST)</datetime>
	<errornum>256</errornum>
	<errortype>User Error</errortype>
	<errormsg>Vectors need to be of the same size</errormsg>
	<scriptname>/home/lazyou/Nounen/php_funcref_tips/1.影响 PHP 行为的扩展/errorfunc_examples.php</scriptname>
	<scriptlinenum>75</scriptlinenum>
	<vartrace><wddxPacket version='1.0'><header><comment>Variables</comment></header><data><struct><var name='vect1'><array length='2'><number>1</number><number>-3</number></array></var><var name='vect2'><array length='3'><number>5.5</number><number>4.3</number><number>-1.6</number></array></var></struct></data></wddxPacket></vartrace>
</errorentry>

<errorentry>
	<datetime>2017-10-08 00:35:18 (CST)</datetime>
	<errornum>256</errornum>
	<errortype>User Error</errortype>
	<errormsg>Incorrect parameters, arrays expected</errormsg>
	<scriptname>/home/lazyou/Nounen/php_funcref_tips/1.影响 PHP 行为的扩展/errorfunc_examples.php</scriptname>
	<scriptlinenum>70</scriptlinenum>
	<vartrace><wddxPacket version='1.0'><header><comment>Variables</comment></header><data><struct><var name='vect1'><array length='3'><number>5.5</number><number>4.3</number><number>-1.6</number></array></var><var name='vect2'><string>i am not an array</string></var></struct></data></wddxPacket></vartrace>
</errorentry>

<errorentry>
	<datetime>2017-10-08 00:36:18 (CST)</datetime>
	<errornum>512</errornum>
	<errortype>User Warning</errortype>
	<errormsg>Coordinate 2 in vector 1 is not a number, using zero</errormsg>
	<scriptname>/home/lazyou/Nounen/php_funcref_tips/1.影响 PHP 行为的扩展/errorfunc_examples.php</scriptname>
	<scriptlinenum>86</scriptlinenum>
	<vartrace><wddxPacket version='1.0'><header><comment>Variables</comment></header><data><struct><var name='vect1'><array length='3'><number>2</number><number>3</number><string>foo</string></array></var><var name='vect2'><array length='3'><number>5.5</number><number>4.3</number><number>-1.6</number></array></var><var name='i'><number>2</number></var><var name='c1'><string>foo</string></var><var name='c2'><number>-1.6</number></var><var name='d'><number>0</number></var></struct></data></wddxPacket></vartrace>
</errorentry>

